544633 13.02.04.22.30.12 - Test: ICMP Ping | Service: Compserver 08 | Location: A55 is unknown. Checked with ping on host vtcs08.drvideo.aptoma.no
745287 13.02.14.19.19.28 - Test: ICMP Ping - drv-vtc-slave-12.a55.aptoma.no is down. Checked with ping on host drv-vtc-slave-12.a55.aptoma.no
745287 13.02.15.14.25.27 - Test: ICMP Ping - drv-vtc-slave-12.a55.aptoma.no is down. Checked with ping on host drv-vtc-slave-12.a55.aptoma.no
745287 13.02.15.14.56.27 - Test: ICMP Ping - drv-vtc-slave-12.a55.aptoma.no is down. Checked with ping on host drv-vtc-slave-12.a55.aptoma.no
689329 13.02.08.03.07.39 - Test: ICMP Ping - Services: DrMobile - Location: Rackspace LON is unconfirmed_down. Checked with ping on host drm-prod-01.lon.aptoma.no
745287 13.02.15.15.27.27 - Test: ICMP Ping - drv-vtc-slave-12.a55.aptoma.no is down. Checked with ping on host drv-vtc-slave-12.a55.aptoma.no
745287 13.02.15.15.58.27 - Test: ICMP Ping - drv-vtc-slave-12.a55.aptoma.no is down. Checked with ping on host drv-vtc-slave-12.a55.aptoma.no
745287 13.02.15.16.29.27 - Test: ICMP Ping - drv-vtc-slave-12.a55.aptoma.no is down. Checked with ping on host drv-vtc-slave-12.a55.aptoma.no
633607 12.09.06.00.43.23 - Test: ICMP Ping - munin.ams.aptoma.no - Location: AMS is unconfirmed_down. Checked with ping on host munin.ams.aptoma.no
196842 13.02.14.07.18.45 - Test: Varnish port 80 | Services: DrVideo applications + VTC | Location: Availo is unconfirmed_down. Checked with http on host hageslange.aptoma.no
745287 13.02.15.17.00.27 - Test: ICMP Ping - drv-vtc-slave-12.a55.aptoma.no is down. Checked with ping on host drv-vtc-slave-12.a55.aptoma.no
745287 13.02.15.17.31.27 - Test: ICMP Ping - drv-vtc-slave-12.a55.aptoma.no is down. Checked with ping on host drv-vtc-slave-12.a55.aptoma.no
745287 13.02.15.18.02.27 - Test: ICMP Ping - drv-vtc-slave-12.a55.aptoma.no is down. Checked with ping on host drv-vtc-slave-12.a55.aptoma.no
745287 13.02.15.18.33.27 - Test: ICMP Ping - drv-vtc-slave-12.a55.aptoma.no is down. Checked with ping on host drv-vtc-slave-12.a55.aptoma.no
745287 13.02.15.19.04.27 - Test: ICMP Ping - drv-vtc-slave-12.a55.aptoma.no is down. Checked with ping on host drv-vtc-slave-12.a55.aptoma.no
745287 13.02.15.19.35.27 - Test: ICMP Ping - drv-vtc-slave-12.a55.aptoma.no is down. Checked with ping on host drv-vtc-slave-12.a55.aptoma.no
745287 13.02.15.20.06.27 - Test: ICMP Ping - drv-vtc-slave-12.a55.aptoma.no is down. Checked with ping on host drv-vtc-slave-12.a55.aptoma.no
745287 13.02.15.20.37.27 - Test: ICMP Ping - drv-vtc-slave-12.a55.aptoma.no is down. Checked with ping on host drv-vtc-slave-12.a55.aptoma.no
745287 13.02.15.21.08.27 - Test: ICMP Ping - drv-vtc-slave-12.a55.aptoma.no is down. Checked with ping on host drv-vtc-slave-12.a55.aptoma.no
196842 13.02.15.16.53.38 - Test: Varnish port 80 | Services: DrVideo applications + VTC | Location: Availo is unconfirmed_down. Checked with http on host hageslange.aptoma.no
745287 13.02.15.21.39.27 - Test: ICMP Ping - drv-vtc-slave-12.a55.aptoma.no is down. Checked with ping on host drv-vtc-slave-12.a55.aptoma.no
745287 13.02.15.22.10.27 - Test: ICMP Ping - drv-vtc-slave-12.a55.aptoma.no is down. Checked with ping on host drv-vtc-slave-12.a55.aptoma.no
745287 13.02.15.22.41.27 - Test: ICMP Ping - drv-vtc-slave-12.a55.aptoma.no is down. Checked with ping on host drv-vtc-slave-12.a55.aptoma.no
745287 13.02.15.23.12.27 - Test: ICMP Ping - drv-vtc-slave-12.a55.aptoma.no is down. Checked with ping on host drv-vtc-slave-12.a55.aptoma.no
745287 13.02.15.23.43.27 - Test: ICMP Ping - drv-vtc-slave-12.a55.aptoma.no is down. Checked with ping on host drv-vtc-slave-12.a55.aptoma.no
745287 13.02.16.00.14.27 - Test: ICMP Ping - drv-vtc-slave-12.a55.aptoma.no is down. Checked with ping on host drv-vtc-slave-12.a55.aptoma.no
745287 13.02.16.00.45.27 - Test: ICMP Ping - drv-vtc-slave-12.a55.aptoma.no is down. Checked with ping on host drv-vtc-slave-12.a55.aptoma.no
745287 13.02.16.01.16.28 - Test: ICMP Ping - drv-vtc-slave-12.a55.aptoma.no is down. Checked with ping on host drv-vtc-slave-12.a55.aptoma.no
745287 13.02.16.01.47.27 - Test: ICMP Ping - drv-vtc-slave-12.a55.aptoma.no is down. Checked with ping on host drv-vtc-slave-12.a55.aptoma.no
745287 13.02.16.02.18.27 - Test: ICMP Ping - drv-vtc-slave-12.a55.aptoma.no is down. Checked with ping on host drv-vtc-slave-12.a55.aptoma.no
745287 13.02.16.02.49.27 - Test: ICMP Ping - drv-vtc-slave-12.a55.aptoma.no is down. Checked with ping on host drv-vtc-slave-12.a55.aptoma.no
745287 13.02.16.03.19.28 - Test: ICMP Ping - drv-vtc-slave-12.a55.aptoma.no is down. Checked with ping on host drv-vtc-slave-12.a55.aptoma.no
745287 13.02.16.03.50.27 - Test: ICMP Ping - drv-vtc-slave-12.a55.aptoma.no is down. Checked with ping on host drv-vtc-slave-12.a55.aptoma.no
745287 13.02.16.04.21.27 - Test: ICMP Ping - drv-vtc-slave-12.a55.aptoma.no is down. Checked with ping on host drv-vtc-slave-12.a55.aptoma.no
745287 13.02.16.04.52.27 - Test: ICMP Ping - drv-vtc-slave-12.a55.aptoma.no is down. Checked with ping on host drv-vtc-slave-12.a55.aptoma.no
196842 13.02.16.04.43.35 - Test: Varnish port 80 | Services: DrVideo applications + VTC | Location: Availo is unconfirmed_down. Checked with http on host hageslange.aptoma.no
745287 13.02.16.05.22.28 - Test: ICMP Ping - drv-vtc-slave-12.a55.aptoma.no is down. Checked with ping on host drv-vtc-slave-12.a55.aptoma.no
745287 13.02.16.05.53.27 - Test: ICMP Ping - drv-vtc-slave-12.a55.aptoma.no is down. Checked with ping on host drv-vtc-slave-12.a55.aptoma.no
745287 13.02.16.06.24.27 - Test: ICMP Ping - drv-vtc-slave-12.a55.aptoma.no is down. Checked with ping on host drv-vtc-slave-12.a55.aptoma.no
745287 13.02.16.06.55.27 - Test: ICMP Ping - drv-vtc-slave-12.a55.aptoma.no is down. Checked with ping on host drv-vtc-slave-12.a55.aptoma.no
745287 13.02.16.07.25.28 - Test: ICMP Ping - drv-vtc-slave-12.a55.aptoma.no is down. Checked with ping on host drv-vtc-slave-12.a55.aptoma.no
745287 13.02.16.07.56.27 - Test: ICMP Ping - drv-vtc-slave-12.a55.aptoma.no is down. Checked with ping on host drv-vtc-slave-12.a55.aptoma.no
745287 13.02.16.08.27.27 - Test: ICMP Ping - drv-vtc-slave-12.a55.aptoma.no is down. Checked with ping on host drv-vtc-slave-12.a55.aptoma.no
745287 13.02.16.08.58.27 - Test: ICMP Ping - drv-vtc-slave-12.a55.aptoma.no is down. Checked with ping on host drv-vtc-slave-12.a55.aptoma.no
745287 13.02.16.09.28.28 - Test: ICMP Ping - drv-vtc-slave-12.a55.aptoma.no is down. Checked with ping on host drv-vtc-slave-12.a55.aptoma.no
745287 13.02.16.09.59.27 - Test: ICMP Ping - drv-vtc-slave-12.a55.aptoma.no is down. Checked with ping on host drv-vtc-slave-12.a55.aptoma.no
745287 13.02.16.10.30.27 - Test: ICMP Ping - drv-vtc-slave-12.a55.aptoma.no is down. Checked with ping on host drv-vtc-slave-12.a55.aptoma.no
745287 13.02.16.11.01.27 - Test: ICMP Ping - drv-vtc-slave-12.a55.aptoma.no is down. Checked with ping on host drv-vtc-slave-12.a55.aptoma.no
745287 13.02.16.11.31.28 - Test: ICMP Ping - drv-vtc-slave-12.a55.aptoma.no is down. Checked with ping on host drv-vtc-slave-12.a55.aptoma.no
745287 13.02.16.12.02.27 - Test: ICMP Ping - drv-vtc-slave-12.a55.aptoma.no is down. Checked with ping on host drv-vtc-slave-12.a55.aptoma.no
745287 13.02.16.12.33.27 - Test: ICMP Ping - drv-vtc-slave-12.a55.aptoma.no is down. Checked with ping on host drv-vtc-slave-12.a55.aptoma.no
745287 13.02.16.13.04.27 - Test: ICMP Ping - drv-vtc-slave-12.a55.aptoma.no is down. Checked with ping on host drv-vtc-slave-12.a55.aptoma.no
745287 13.02.16.13.34.28 - Test: ICMP Ping - drv-vtc-slave-12.a55.aptoma.no is down. Checked with ping on host drv-vtc-slave-12.a55.aptoma.no
745287 13.02.16.14.05.27 - Test: ICMP Ping - drv-vtc-slave-12.a55.aptoma.no is down. Checked with ping on host drv-vtc-slave-12.a55.aptoma.no
745287 13.02.16.14.36.27 - Test: ICMP Ping - drv-vtc-slave-12.a55.aptoma.no is down. Checked with ping on host drv-vtc-slave-12.a55.aptoma.no
745287 13.02.16.15.07.27 - Test: ICMP Ping - drv-vtc-slave-12.a55.aptoma.no is down. Checked with ping on host drv-vtc-slave-12.a55.aptoma.no
745287 13.02.16.15.37.28 - Test: ICMP Ping - drv-vtc-slave-12.a55.aptoma.no is down. Checked with ping on host drv-vtc-slave-12.a55.aptoma.no
745287 13.02.16.16.08.27 - Test: ICMP Ping - drv-vtc-slave-12.a55.aptoma.no is down. Checked with ping on host drv-vtc-slave-12.a55.aptoma.no
745287 13.02.16.16.39.27 - Test: ICMP Ping - drv-vtc-slave-12.a55.aptoma.no is down. Checked with ping on host drv-vtc-slave-12.a55.aptoma.no
745287 13.02.16.17.10.27 - Test: ICMP Ping - drv-vtc-slave-12.a55.aptoma.no is down. Checked with ping on host drv-vtc-slave-12.a55.aptoma.no
745287 13.02.16.17.40.28 - Test: ICMP Ping - drv-vtc-slave-12.a55.aptoma.no is down. Checked with ping on host drv-vtc-slave-12.a55.aptoma.no
745287 13.02.16.18.11.27 - Test: ICMP Ping - drv-vtc-slave-12.a55.aptoma.no is down. Checked with ping on host drv-vtc-slave-12.a55.aptoma.no
745287 13.02.16.18.42.27 - Test: ICMP Ping - drv-vtc-slave-12.a55.aptoma.no is down. Checked with ping on host drv-vtc-slave-12.a55.aptoma.no
745287 13.02.16.19.13.27 - Test: ICMP Ping - drv-vtc-slave-12.a55.aptoma.no is down. Checked with ping on host drv-vtc-slave-12.a55.aptoma.no
745287 13.02.16.19.43.28 - Test: ICMP Ping - drv-vtc-slave-12.a55.aptoma.no is down. Checked with ping on host drv-vtc-slave-12.a55.aptoma.no
745287 13.02.16.20.14.27 - Test: ICMP Ping - drv-vtc-slave-12.a55.aptoma.no is down. Checked with ping on host drv-vtc-slave-12.a55.aptoma.no
745287 13.02.16.20.45.27 - Test: ICMP Ping - drv-vtc-slave-12.a55.aptoma.no is down. Checked with ping on host drv-vtc-slave-12.a55.aptoma.no
745287 13.02.16.21.16.27 - Test: ICMP Ping - drv-vtc-slave-12.a55.aptoma.no is down. Checked with ping on host drv-vtc-slave-12.a55.aptoma.no
745287 13.02.16.21.46.28 - Test: ICMP Ping - drv-vtc-slave-12.a55.aptoma.no is down. Checked with ping on host drv-vtc-slave-12.a55.aptoma.no
745287 13.02.16.22.17.27 - Test: ICMP Ping - drv-vtc-slave-12.a55.aptoma.no is down. Checked with ping on host drv-vtc-slave-12.a55.aptoma.no
745287 13.02.16.22.48.27 - Test: ICMP Ping - drv-vtc-slave-12.a55.aptoma.no is down. Checked with ping on host drv-vtc-slave-12.a55.aptoma.no
745287 13.02.16.23.19.27 - Test: ICMP Ping - drv-vtc-slave-12.a55.aptoma.no is down. Checked with ping on host drv-vtc-slave-12.a55.aptoma.no
745287 13.02.16.23.49.28 - Test: ICMP Ping - drv-vtc-slave-12.a55.aptoma.no is down. Checked with ping on host drv-vtc-slave-12.a55.aptoma.no
745287 13.02.17.00.20.27 - Test: ICMP Ping - drv-vtc-slave-12.a55.aptoma.no is down. Checked with ping on host drv-vtc-slave-12.a55.aptoma.no
745287 13.02.17.00.51.27 - Test: ICMP Ping - drv-vtc-slave-12.a55.aptoma.no is down. Checked with ping on host drv-vtc-slave-12.a55.aptoma.no
745287 13.02.17.01.22.27 - Test: ICMP Ping - drv-vtc-slave-12.a55.aptoma.no is down. Checked with ping on host drv-vtc-slave-12.a55.aptoma.no
745287 13.02.17.01.52.28 - Test: ICMP Ping - drv-vtc-slave-12.a55.aptoma.no is down. Checked with ping on host drv-vtc-slave-12.a55.aptoma.no
745287 13.02.17.02.23.27 - Test: ICMP Ping - drv-vtc-slave-12.a55.aptoma.no is down. Checked with ping on host drv-vtc-slave-12.a55.aptoma.no
745287 13.02.17.02.54.27 - Test: ICMP Ping - drv-vtc-slave-12.a55.aptoma.no is down. Checked with ping on host drv-vtc-slave-12.a55.aptoma.no
745287 13.02.17.03.25.27 - Test: ICMP Ping - drv-vtc-slave-12.a55.aptoma.no is down. Checked with ping on host drv-vtc-slave-12.a55.aptoma.no
745287 13.02.17.03.55.28 - Test: ICMP Ping - drv-vtc-slave-12.a55.aptoma.no is down. Checked with ping on host drv-vtc-slave-12.a55.aptoma.no
745287 13.02.17.04.26.27 - Test: ICMP Ping - drv-vtc-slave-12.a55.aptoma.no is down. Checked with ping on host drv-vtc-slave-12.a55.aptoma.no
745287 13.02.17.04.57.27 - Test: ICMP Ping - drv-vtc-slave-12.a55.aptoma.no is down. Checked with ping on host drv-vtc-slave-12.a55.aptoma.no
745287 13.02.17.05.28.27 - Test: ICMP Ping - drv-vtc-slave-12.a55.aptoma.no is down. Checked with ping on host drv-vtc-slave-12.a55.aptoma.no
745287 13.02.17.05.58.28 - Test: ICMP Ping - drv-vtc-slave-12.a55.aptoma.no is down. Checked with ping on host drv-vtc-slave-12.a55.aptoma.no
745287 13.02.17.06.29.27 - Test: ICMP Ping - drv-vtc-slave-12.a55.aptoma.no is down. Checked with ping on host drv-vtc-slave-12.a55.aptoma.no
745287 13.02.17.07.00.27 - Test: ICMP Ping - drv-vtc-slave-12.a55.aptoma.no is down. Checked with ping on host drv-vtc-slave-12.a55.aptoma.no
756426 13.02.10.03.18.48 - DrVideo Videodata API is unconfirmed_down. Checked with http on host aftonbladet-play.videodata.drvideo.aptoma.no
745287 13.02.17.07.31.27 - Test: ICMP Ping - drv-vtc-slave-12.a55.aptoma.no is down. Checked with ping on host drv-vtc-slave-12.a55.aptoma.no
745287 13.02.17.08.01.28 - Test: ICMP Ping - drv-vtc-slave-12.a55.aptoma.no is down. Checked with ping on host drv-vtc-slave-12.a55.aptoma.no
745287 13.02.17.08.32.27 - Test: ICMP Ping - drv-vtc-slave-12.a55.aptoma.no is down. Checked with ping on host drv-vtc-slave-12.a55.aptoma.no
745287 13.02.17.09.03.27 - Test: ICMP Ping - drv-vtc-slave-12.a55.aptoma.no is down. Checked with ping on host drv-vtc-slave-12.a55.aptoma.no
745287 13.02.17.09.34.27 - Test: ICMP Ping - drv-vtc-slave-12.a55.aptoma.no is down. Checked with ping on host drv-vtc-slave-12.a55.aptoma.no
745287 13.02.17.10.04.28 - Test: ICMP Ping - drv-vtc-slave-12.a55.aptoma.no is down. Checked with ping on host drv-vtc-slave-12.a55.aptoma.no
745287 13.02.17.10.35.27 - Test: ICMP Ping - drv-vtc-slave-12.a55.aptoma.no is down. Checked with ping on host drv-vtc-slave-12.a55.aptoma.no
745287 13.02.17.11.06.27 - Test: ICMP Ping - drv-vtc-slave-12.a55.aptoma.no is down. Checked with ping on host drv-vtc-slave-12.a55.aptoma.no
745287 13.02.17.11.37.27 - Test: ICMP Ping - drv-vtc-slave-12.a55.aptoma.no is down. Checked with ping on host drv-vtc-slave-12.a55.aptoma.no
745287 13.02.17.12.07.28 - Test: ICMP Ping - drv-vtc-slave-12.a55.aptoma.no is down. Checked with ping on host drv-vtc-slave-12.a55.aptoma.no
745287 13.02.17.12.38.27 - Test: ICMP Ping - drv-vtc-slave-12.a55.aptoma.no is down. Checked with ping on host drv-vtc-slave-12.a55.aptoma.no
745287 13.02.17.13.09.27 - Test: ICMP Ping - drv-vtc-slave-12.a55.aptoma.no is down. Checked with ping on host drv-vtc-slave-12.a55.aptoma.no
544635 13.02.06.10.02.39 - Test: ICMP Ping | Service: Compserver 06 | Location: A55 is unconfirmed_down. Checked with ping on host vtcs06.drvideo.aptoma.no
745287 13.02.17.13.40.27 - Test: ICMP Ping - drv-vtc-slave-12.a55.aptoma.no is down. Checked with ping on host drv-vtc-slave-12.a55.aptoma.no
745287 13.02.17.14.10.28 - Test: ICMP Ping - drv-vtc-slave-12.a55.aptoma.no is down. Checked with ping on host drv-vtc-slave-12.a55.aptoma.no
745287 13.02.17.14.41.27 - Test: ICMP Ping - drv-vtc-slave-12.a55.aptoma.no is down. Checked with ping on host drv-vtc-slave-12.a55.aptoma.no
745287 13.02.17.15.12.27 - Test: ICMP Ping - drv-vtc-slave-12.a55.aptoma.no is down. Checked with ping on host drv-vtc-slave-12.a55.aptoma.no
745287 13.02.17.15.43.27 - Test: ICMP Ping - drv-vtc-slave-12.a55.aptoma.no is down. Checked with ping on host drv-vtc-slave-12.a55.aptoma.no
745287 13.02.17.16.13.28 - Test: ICMP Ping - drv-vtc-slave-12.a55.aptoma.no is down. Checked with ping on host drv-vtc-slave-12.a55.aptoma.no
745287 13.02.17.16.44.27 - Test: ICMP Ping - drv-vtc-slave-12.a55.aptoma.no is down. Checked with ping on host drv-vtc-slave-12.a55.aptoma.no
745287 13.02.17.17.15.27 - Test: ICMP Ping - drv-vtc-slave-12.a55.aptoma.no is down. Checked with ping on host drv-vtc-slave-12.a55.aptoma.no
745287 13.02.17.17.46.27 - Test: ICMP Ping - drv-vtc-slave-12.a55.aptoma.no is down. Checked with ping on host drv-vtc-slave-12.a55.aptoma.no
745287 13.02.17.18.16.28 - Test: ICMP Ping - drv-vtc-slave-12.a55.aptoma.no is down. Checked with ping on host drv-vtc-slave-12.a55.aptoma.no
745287 13.02.17.18.47.27 - Test: ICMP Ping - drv-vtc-slave-12.a55.aptoma.no is down. Checked with ping on host drv-vtc-slave-12.a55.aptoma.no
745287 13.02.17.19.18.27 - Test: ICMP Ping - drv-vtc-slave-12.a55.aptoma.no is down. Checked with ping on host drv-vtc-slave-12.a55.aptoma.no
745287 13.02.17.19.49.27 - Test: ICMP Ping - drv-vtc-slave-12.a55.aptoma.no is down. Checked with ping on host drv-vtc-slave-12.a55.aptoma.no
745287 13.02.17.20.19.28 - Test: ICMP Ping - drv-vtc-slave-12.a55.aptoma.no is down. Checked with ping on host drv-vtc-slave-12.a55.aptoma.no
745287 13.02.17.20.50.27 - Test: ICMP Ping - drv-vtc-slave-12.a55.aptoma.no is down. Checked with ping on host drv-vtc-slave-12.a55.aptoma.no
745287 13.02.17.21.21.27 - Test: ICMP Ping - drv-vtc-slave-12.a55.aptoma.no is down. Checked with ping on host drv-vtc-slave-12.a55.aptoma.no
745287 13.02.17.21.52.27 - Test: ICMP Ping - drv-vtc-slave-12.a55.aptoma.no is down. Checked with ping on host drv-vtc-slave-12.a55.aptoma.no
615772 13.02.16.16.22.58 - DrVideo Encoding is unconfirmed_down. Checked with http on host hageslange.aptoma.no
745287 13.02.17.22.24.27 - Test: ICMP Ping - drv-vtc-slave-12.a55.aptoma.no is down. Checked with ping on host drv-vtc-slave-12.a55.aptoma.no
745287 13.02.17.22.55.27 - Test: ICMP Ping - drv-vtc-slave-12.a55.aptoma.no is down. Checked with ping on host drv-vtc-slave-12.a55.aptoma.no
745287 13.02.17.23.26.27 - Test: ICMP Ping - drv-vtc-slave-12.a55.aptoma.no is down. Checked with ping on host drv-vtc-slave-12.a55.aptoma.no
745287 13.02.17.23.57.28 - Test: ICMP Ping - drv-vtc-slave-12.a55.aptoma.no is down. Checked with ping on host drv-vtc-slave-12.a55.aptoma.no
745287 13.02.18.00.28.27 - Test: ICMP Ping - drv-vtc-slave-12.a55.aptoma.no is down. Checked with ping on host drv-vtc-slave-12.a55.aptoma.no
745287 13.02.18.00.59.27 - Test: ICMP Ping - drv-vtc-slave-12.a55.aptoma.no is down. Checked with ping on host drv-vtc-slave-12.a55.aptoma.no
745287 13.02.18.01.30.27 - Test: ICMP Ping - drv-vtc-slave-12.a55.aptoma.no is down. Checked with ping on host drv-vtc-slave-12.a55.aptoma.no
721651 13.02.08.04.37.21 - Test: ICMP Ping - drv-videodata-prod-01.ams.aptoma.no - Location: AMS is unconfirmed_down. Checked with ping on host drv-videodata-prod-01.ams.aptoma.no
681243 13.02.08.02.41.18 - Test: ICMP Ping - varnish-02.lon.aptoma.no - Location: LON is unconfirmed_down. Checked with ping on host varnish-02.lon.aptoma.no
745287 13.02.18.02.01.27 - Test: ICMP Ping - drv-vtc-slave-12.a55.aptoma.no is down. Checked with ping on host drv-vtc-slave-12.a55.aptoma.no
633594 12.09.24.18.50.11 - Test: ICMP Ping - custom-apps-01.ams.aptoma.no - Location: AMS is unconfirmed_down. Checked with ping on host custom-apps-01.ams.aptoma.no
745287 13.02.18.02.32.27 - Test: ICMP Ping - drv-vtc-slave-12.a55.aptoma.no is down. Checked with ping on host drv-vtc-slave-12.a55.aptoma.no
745287 13.02.18.03.03.27 - Test: ICMP Ping - drv-vtc-slave-12.a55.aptoma.no is down. Checked with ping on host drv-vtc-slave-12.a55.aptoma.no
745287 13.02.18.03.34.27 - Test: ICMP Ping - drv-vtc-slave-12.a55.aptoma.no is down. Checked with ping on host drv-vtc-slave-12.a55.aptoma.no
745287 13.02.18.04.05.27 - Test: ICMP Ping - drv-vtc-slave-12.a55.aptoma.no is down. Checked with ping on host drv-vtc-slave-12.a55.aptoma.no
745287 13.02.18.04.36.27 - Test: ICMP Ping - drv-vtc-slave-12.a55.aptoma.no is down. Checked with ping on host drv-vtc-slave-12.a55.aptoma.no
745287 13.02.18.05.07.27 - Test: ICMP Ping - drv-vtc-slave-12.a55.aptoma.no is down. Checked with ping on host drv-vtc-slave-12.a55.aptoma.no
745287 13.02.18.05.38.29 - Test: ICMP Ping - drv-vtc-slave-12.a55.aptoma.no is down. Checked with ping on host drv-vtc-slave-12.a55.aptoma.no
745287 13.02.18.06.09.27 - Test: ICMP Ping - drv-vtc-slave-12.a55.aptoma.no is down. Checked with ping on host drv-vtc-slave-12.a55.aptoma.no
745287 13.02.18.06.40.27 - Test: ICMP Ping - drv-vtc-slave-12.a55.aptoma.no is down. Checked with ping on host drv-vtc-slave-12.a55.aptoma.no
745287 13.02.18.07.11.27 - Test: ICMP Ping - drv-vtc-slave-12.a55.aptoma.no is down. Checked with ping on host drv-vtc-slave-12.a55.aptoma.no
745287 13.02.18.07.41.28 - Test: ICMP Ping - drv-vtc-slave-12.a55.aptoma.no is down. Checked with ping on host drv-vtc-slave-12.a55.aptoma.no
745287 13.02.18.08.12.27 - Test: ICMP Ping - drv-vtc-slave-12.a55.aptoma.no is down. Checked with ping on host drv-vtc-slave-12.a55.aptoma.no
745287 13.02.18.08.43.27 - Test: ICMP Ping - drv-vtc-slave-12.a55.aptoma.no is down. Checked with ping on host drv-vtc-slave-12.a55.aptoma.no
745287 13.02.18.09.14.27 - Test: ICMP Ping - drv-vtc-slave-12.a55.aptoma.no is down. Checked with ping on host drv-vtc-slave-12.a55.aptoma.no
745287 13.02.18.09.45.27 - Test: ICMP Ping - drv-vtc-slave-12.a55.aptoma.no is down. Checked with ping on host drv-vtc-slave-12.a55.aptoma.no
745287 13.02.18.10.16.27 - Test: ICMP Ping - drv-vtc-slave-12.a55.aptoma.no is down. Checked with ping on host drv-vtc-slave-12.a55.aptoma.no
745287 13.02.18.10.47.27 - Test: ICMP Ping - drv-vtc-slave-12.a55.aptoma.no is down. Checked with ping on host drv-vtc-slave-12.a55.aptoma.no
745287 13.02.18.11.18.27 - Test: ICMP Ping - drv-vtc-slave-12.a55.aptoma.no is down. Checked with ping on host drv-vtc-slave-12.a55.aptoma.no
745287 13.02.18.11.49.27 - Test: ICMP Ping - drv-vtc-slave-12.a55.aptoma.no is down. Checked with ping on host drv-vtc-slave-12.a55.aptoma.no
745287 13.02.18.12.20.27 - Test: ICMP Ping - drv-vtc-slave-12.a55.aptoma.no is down. Checked with ping on host drv-vtc-slave-12.a55.aptoma.no
745287 13.02.18.12.51.27 - Test: ICMP Ping - drv-vtc-slave-12.a55.aptoma.no is down. Checked with ping on host drv-vtc-slave-12.a55.aptoma.no
745287 13.02.18.13.22.28 - Test: ICMP Ping - drv-vtc-slave-12.a55.aptoma.no is down. Checked with ping on host drv-vtc-slave-12.a55.aptoma.no
745287 13.02.18.13.53.27 - Test: ICMP Ping - drv-vtc-slave-12.a55.aptoma.no is down. Checked with ping on host drv-vtc-slave-12.a55.aptoma.no
745287 13.02.18.14.24.27 - Test: ICMP Ping - drv-vtc-slave-12.a55.aptoma.no is down. Checked with ping on host drv-vtc-slave-12.a55.aptoma.no
745287 13.02.18.14.55.27 - Test: ICMP Ping - drv-vtc-slave-12.a55.aptoma.no is down. Checked with ping on host drv-vtc-slave-12.a55.aptoma.no
745287 13.02.18.15.26.27 - Test: ICMP Ping - drv-vtc-slave-12.a55.aptoma.no is down. Checked with ping on host drv-vtc-slave-12.a55.aptoma.no
589169 13.02.10.03.18.13 - Test: Apache port 80 at DrPublish API, through Varnish and LB | Services: Aftenposten DrPublish API | Location: Softlayer AMS is unconfirmed_down. Checked with http on host aftenposten.advertisers.drpublish.aptoma.no
745287 13.02.18.15.57.27 - Test: ICMP Ping - drv-vtc-slave-12.a55.aptoma.no is down. Checked with ping on host drv-vtc-slave-12.a55.aptoma.no
745287 13.02.18.16.28.27 - Test: ICMP Ping - drv-vtc-slave-12.a55.aptoma.no is down. Checked with ping on host drv-vtc-slave-12.a55.aptoma.no
745287 13.02.18.16.59.27 - Test: ICMP Ping - drv-vtc-slave-12.a55.aptoma.no is down. Checked with ping on host drv-vtc-slave-12.a55.aptoma.no
745287 13.02.18.17.30.27 - Test: ICMP Ping - drv-vtc-slave-12.a55.aptoma.no is down. Checked with ping on host drv-vtc-slave-12.a55.aptoma.no
745287 13.02.18.18.01.27 - Test: ICMP Ping - drv-vtc-slave-12.a55.aptoma.no is down. Checked with ping on host drv-vtc-slave-12.a55.aptoma.no
745287 13.02.18.18.32.27 - Test: ICMP Ping - drv-vtc-slave-12.a55.aptoma.no is down. Checked with ping on host drv-vtc-slave-12.a55.aptoma.no
745287 13.02.18.19.03.27 - Test: ICMP Ping - drv-vtc-slave-12.a55.aptoma.no is down. Checked with ping on host drv-vtc-slave-12.a55.aptoma.no
745287 13.02.18.19.34.27 - Test: ICMP Ping - drv-vtc-slave-12.a55.aptoma.no is down. Checked with ping on host drv-vtc-slave-12.a55.aptoma.no
745287 13.02.18.20.05.27 - Test: ICMP Ping - drv-vtc-slave-12.a55.aptoma.no is down. Checked with ping on host drv-vtc-slave-12.a55.aptoma.no
745287 13.02.18.20.36.27 - Test: ICMP Ping - drv-vtc-slave-12.a55.aptoma.no is down. Checked with ping on host drv-vtc-slave-12.a55.aptoma.no
745287 13.02.18.21.07.27 - Test: ICMP Ping - drv-vtc-slave-12.a55.aptoma.no is down. Checked with ping on host drv-vtc-slave-12.a55.aptoma.no
745287 13.02.18.21.38.27 - Test: ICMP Ping - drv-vtc-slave-12.a55.aptoma.no is down. Checked with ping on host drv-vtc-slave-12.a55.aptoma.no
745287 13.02.18.22.09.27 - Test: ICMP Ping - drv-vtc-slave-12.a55.aptoma.no is down. Checked with ping on host drv-vtc-slave-12.a55.aptoma.no
745287 13.02.18.22.40.27 - Test: ICMP Ping - drv-vtc-slave-12.a55.aptoma.no is down. Checked with ping on host drv-vtc-slave-12.a55.aptoma.no
745287 13.02.18.23.11.27 - Test: ICMP Ping - drv-vtc-slave-12.a55.aptoma.no is down. Checked with ping on host drv-vtc-slave-12.a55.aptoma.no
745287 13.02.18.23.42.27 - Test: ICMP Ping - drv-vtc-slave-12.a55.aptoma.no is down. Checked with ping on host drv-vtc-slave-12.a55.aptoma.no
745287 13.02.19.00.13.27 - Test: ICMP Ping - drv-vtc-slave-12.a55.aptoma.no is down. Checked with ping on host drv-vtc-slave-12.a55.aptoma.no
745287 13.02.19.00.44.27 - Test: ICMP Ping - drv-vtc-slave-12.a55.aptoma.no is down. Checked with ping on host drv-vtc-slave-12.a55.aptoma.no
745287 13.02.19.01.15.27 - Test: ICMP Ping - drv-vtc-slave-12.a55.aptoma.no is down. Checked with ping on host drv-vtc-slave-12.a55.aptoma.no
745287 13.02.19.01.46.27 - Test: ICMP Ping - drv-vtc-slave-12.a55.aptoma.no is down. Checked with ping on host drv-vtc-slave-12.a55.aptoma.no
745287 13.02.19.02.17.27 - Test: ICMP Ping - drv-vtc-slave-12.a55.aptoma.no is down. Checked with ping on host drv-vtc-slave-12.a55.aptoma.no
745287 13.02.19.02.48.27 - Test: ICMP Ping - drv-vtc-slave-12.a55.aptoma.no is down. Checked with ping on host drv-vtc-slave-12.a55.aptoma.no
745287 13.02.19.03.19.27 - Test: ICMP Ping - drv-vtc-slave-12.a55.aptoma.no is down. Checked with ping on host drv-vtc-slave-12.a55.aptoma.no
745287 13.02.19.03.50.27 - Test: ICMP Ping - drv-vtc-slave-12.a55.aptoma.no is down. Checked with ping on host drv-vtc-slave-12.a55.aptoma.no
745287 13.02.19.04.21.27 - Test: ICMP Ping - drv-vtc-slave-12.a55.aptoma.no is down. Checked with ping on host drv-vtc-slave-12.a55.aptoma.no
745287 13.02.19.04.52.28 - Test: ICMP Ping - drv-vtc-slave-12.a55.aptoma.no is down. Checked with ping on host drv-vtc-slave-12.a55.aptoma.no
745287 13.02.19.05.23.27 - Test: ICMP Ping - drv-vtc-slave-12.a55.aptoma.no is down. Checked with ping on host drv-vtc-slave-12.a55.aptoma.no
743399 13.02.10.03.15.33 - DrLib Afton Sync Status is unconfirmed_down. Checked with httpcustom on host aftonbladet-play.meta-admin.drvideo.aptoma.no
745287 13.02.19.05.54.27 - Test: ICMP Ping - drv-vtc-slave-12.a55.aptoma.no is down. Checked with ping on host drv-vtc-slave-12.a55.aptoma.no
745287 13.02.19.06.26.27 - Test: ICMP Ping - drv-vtc-slave-12.a55.aptoma.no is down. Checked with ping on host drv-vtc-slave-12.a55.aptoma.no
745287 13.02.19.06.57.27 - Test: ICMP Ping - drv-vtc-slave-12.a55.aptoma.no is down. Checked with ping on host drv-vtc-slave-12.a55.aptoma.no
745287 13.02.19.07.28.27 - Test: ICMP Ping - drv-vtc-slave-12.a55.aptoma.no is down. Checked with ping on host drv-vtc-slave-12.a55.aptoma.no
745287 13.02.19.07.59.27 - Test: ICMP Ping - drv-vtc-slave-12.a55.aptoma.no is down. Checked with ping on host drv-vtc-slave-12.a55.aptoma.no
745287 13.02.19.08.30.27 - Test: ICMP Ping - drv-vtc-slave-12.a55.aptoma.no is down. Checked with ping on host drv-vtc-slave-12.a55.aptoma.no
745287 13.02.19.09.01.27 - Test: ICMP Ping - drv-vtc-slave-12.a55.aptoma.no is down. Checked with ping on host drv-vtc-slave-12.a55.aptoma.no
745287 13.02.19.09.32.27 - Test: ICMP Ping - drv-vtc-slave-12.a55.aptoma.no is down. Checked with ping on host drv-vtc-slave-12.a55.aptoma.no
745287 13.02.19.10.12.27 - Test: ICMP Ping - drv-vtc-slave-12.a55.aptoma.no is down. Checked with ping on host drv-vtc-slave-12.a55.aptoma.no
745287 13.02.19.10.43.27 - Test: ICMP Ping - drv-vtc-slave-12.a55.aptoma.no is down. Checked with ping on host drv-vtc-slave-12.a55.aptoma.no
745287 13.02.19.11.14.27 - Test: ICMP Ping - drv-vtc-slave-12.a55.aptoma.no is down. Checked with ping on host drv-vtc-slave-12.a55.aptoma.no
